Using pre-set license
Built from '2020.3/staging' branch; Version is '2020.3.3f1 (76626098c1c4) revision 7758432'; Using compiler version '192528614'; Build Type 'Release'
OS: 'Windows 10 Pro; OS build 19041.985; Version 2004; 64bit' Language: 'en' Physical Memory: 32687 MB
BatchMode: 1, IsHumanControllingUs: 0, StartBugReporterOnCrash: 0, Is64bit: 1, IsPro: 0

 COMMAND LINE ARGUMENTS:
C:\Program Files\Unity\Hub\Editor\2020.3.3f1\Editor\Unity.exe
-adb2
-batchMode
-noUpm
-name
AssetImportWorker0
-projectPath
C:/Users/JGK/Documents/GitHub/RagdollTrainer
-logFile
Logs/AssetImportWorker0.log
-srvPort
61756
Successfully changed project path to: C:/Users/JGK/Documents/GitHub/RagdollTrainer
C:/Users/JGK/Documents/GitHub/RagdollTrainer
Using Asset Import Pipeline V2.
Refreshing native plugins compatible for Editor in 28.07 ms, found 1 plugins.
Preloading 0 native plugins for Editor in 0.00 ms.
Initialize engine version: 2020.3.3f1 (76626098c1c4)
[Subsystems] Discovering subsystems at path C:/Program Files/Unity/Hub/Editor/2020.3.3f1/Editor/Data/Resources/UnitySubsystems
[Subsystems] Discovering subsystems at path C:/Users/JGK/Documents/GitHub/RagdollTrainer/Assets
GfxDevice: creating device client; threaded=0
Direct3D:
    Version:  Direct3D 11.0 [level 11.1]
    Renderer: NVIDIA GeForce GTX 1060 6GB (ID=0x1c03)
    Vendor:   
    VRAM:     6052 MB
    Driver:   27.21.14.6647
Initialize mono
Mono path[0] = 'C:/Program Files/Unity/Hub/Editor/2020.3.3f1/Editor/Data/Managed'
Mono path[1] = 'C:/Program Files/Unity/Hub/Editor/2020.3.3f1/Editor/Data/MonoBleedingEdge/lib/mono/unityjit'
Mono config path = 'C:/Program Files/Unity/Hub/Editor/2020.3.3f1/Editor/Data/MonoBleedingEdge/etc'
Using monoOptions --debugger-agent=transport=dt_socket,embedding=1,server=y,suspend=n,address=127.0.0.1:56108
Begin MonoManager ReloadAssembly
Registering precompiled unity dll's ...
Register platform support module: C:/Program Files/Unity/Hub/Editor/2020.3.3f1/Editor/Data/PlaybackEngines/WindowsStandaloneSupport/UnityEditor.WindowsStandalone.Extensions.dll
Registered in 0.001653 seconds.
Native extension for WindowsStandalone target not found
Refreshing native plugins compatible for Editor in 36.05 ms, found 1 plugins.
Preloading 0 native plugins for Editor in 0.00 ms.
Invoked RoslynAnalysisRunner static constructor.
RoslynAnalysisRunner will not be running.
RoslynAnalysisRunner has terminated.
Mono: successfully reloaded assembly
- Completed reload, in  1.676 seconds
Platform modules already initialized, skipping
Registering precompiled user dll's ...
Registered in 0.003236 seconds.
Begin MonoManager ReloadAssembly
Native extension for WindowsStandalone target not found
Refreshing native plugins compatible for Editor in 24.94 ms, found 1 plugins.
Preloading 0 native plugins for Editor in 0.00 ms.
Invoked RoslynAnalysisRunner static constructor.
RoslynAnalysisRunner will not be running.
RoslynAnalysisRunner has terminated.
Mono: successfully reloaded assembly
- Completed reload, in  1.264 seconds
Platform modules already initialized, skipping
========================================================================
Worker process is ready to serve import requests
Launched and connected shader compiler UnityShaderCompiler.exe after 0.06 seconds
Refreshing native plugins compatible for Editor in 0.33 ms, found 1 plugins.
Preloading 0 native plugins for Editor in 0.00 ms.
Unloading 1697 Unused Serialized files (Serialized files now loaded: 0)
System memory in use before: 82.2 MB.
System memory in use after: 82.2 MB.

Unloading 23 unused Assets to reduce memory usage. Loaded Objects now: 2128.
Total: 1.950700 ms (FindLiveObjects: 0.149100 ms CreateObjectMapping: 0.053000 ms MarkObjects: 1.696100 ms  DeleteObjects: 0.051600 ms)

========================================================================
Received Import Request.
  path: Assets/Scripts/RagdollAgent.cs
  artifactKey: Guid(bb12f26f83845da40854a1e26df332a6) Importer(815301076,1909f56bfc062723c751e8b465ee728b)
Start importing Assets/Scripts/RagdollAgent.cs using Guid(bb12f26f83845da40854a1e26df332a6) Importer(815301076,1909f56bfc062723c751e8b465ee728b)  -> (artifact id: '857066cdee110345e63c56fa742ed39c') in 0.033870 seconds
  Import took 0.036187 seconds .

========================================================================
Received Prepare
Registering precompiled user dll's ...
Registered in 0.002894 seconds.
Begin MonoManager ReloadAssembly
Native extension for WindowsStandalone target not found
Refreshing native plugins compatible for Editor in 0.31 ms, found 1 plugins.
Preloading 0 native plugins for Editor in 0.00 ms.
Invoked RoslynAnalysisRunner static constructor.
RoslynAnalysisRunner will not be running.
RoslynAnalysisRunner has terminated.
Mono: successfully reloaded assembly
- Completed reload, in  0.825 seconds
Platform modules already initialized, skipping
Refreshing native plugins compatible for Editor in 0.32 ms, found 1 plugins.
Preloading 0 native plugins for Editor in 0.00 ms.
Unloading 1691 Unused Serialized files (Serialized files now loaded: 0)
System memory in use before: 82.0 MB.
System memory in use after: 82.1 MB.

Unloading 17 unused Assets to reduce memory usage. Loaded Objects now: 2132.
Total: 2.216200 ms (FindLiveObjects: 0.139400 ms CreateObjectMapping: 0.051600 ms MarkObjects: 1.971400 ms  DeleteObjects: 0.053100 ms)

========================================================================
Received Import Request.
  Time since last request: 48.188097 seconds.
  path: Assets/Scripts/RagdollAgent.cs
  artifactKey: Guid(bb12f26f83845da40854a1e26df332a6) Importer(815301076,1909f56bfc062723c751e8b465ee728b)
Start importing Assets/Scripts/RagdollAgent.cs using Guid(bb12f26f83845da40854a1e26df332a6) Importer(815301076,1909f56bfc062723c751e8b465ee728b)  -> (artifact id: 'ccdf3ca60c48a44741be9dc6ade30cf9') in 0.003991 seconds
  Import took 0.006353 seconds .

========================================================================
Received Import Request.
  Time since last request: 70.913953 seconds.
  path: Assets/Scripts/Stabilizer.cs
  artifactKey: Guid(138d1d9468554214d9bb4538ec47b41b) Importer(815301076,1909f56bfc062723c751e8b465ee728b)
Start importing Assets/Scripts/Stabilizer.cs using Guid(138d1d9468554214d9bb4538ec47b41b) Importer(815301076,1909f56bfc062723c751e8b465ee728b)  -> (artifact id: '588f57a0d43a2c3abcee9a7640608a68') in 0.005622 seconds
  Import took 0.008296 seconds .

========================================================================
Received Import Request.
  Time since last request: 0.001531 seconds.
  path: Assets/Scripts/Stabilizer.cs
  artifactKey: Guid(138d1d9468554214d9bb4538ec47b41b) Importer(815301076,1909f56bfc062723c751e8b465ee728b)
Start importing Assets/Scripts/Stabilizer.cs using Guid(138d1d9468554214d9bb4538ec47b41b) Importer(815301076,1909f56bfc062723c751e8b465ee728b)  -> (artifact id: '588f57a0d43a2c3abcee9a7640608a68') in 0.001764 seconds
  Import took 0.004237 seconds .

========================================================================
Received Import Request.
  Time since last request: 13.724842 seconds.
  path: Assets/Scripts/Stabilizer.cs
  artifactKey: Guid(138d1d9468554214d9bb4538ec47b41b) Importer(815301076,1909f56bfc062723c751e8b465ee728b)
Start importing Assets/Scripts/Stabilizer.cs using Guid(138d1d9468554214d9bb4538ec47b41b) Importer(815301076,1909f56bfc062723c751e8b465ee728b)  -> (artifact id: 'f6ccf6fb30ca35a86b60c36735af7601') in 0.001973 seconds
  Import took 0.004179 seconds .

========================================================================
Received Prepare
Registering precompiled user dll's ...
Registered in 0.002972 seconds.
Begin MonoManager ReloadAssembly
Native extension for WindowsStandalone target not found
Refreshing native plugins compatible for Editor in 0.31 ms, found 1 plugins.
Preloading 0 native plugins for Editor in 0.00 ms.
Invoked RoslynAnalysisRunner static constructor.
RoslynAnalysisRunner will not be running.
RoslynAnalysisRunner has terminated.
Mono: successfully reloaded assembly
- Completed reload, in  0.819 seconds
Platform modules already initialized, skipping
Refreshing native plugins compatible for Editor in 0.35 ms, found 1 plugins.
Preloading 0 native plugins for Editor in 0.00 ms.
Unloading 1691 Unused Serialized files (Serialized files now loaded: 0)
System memory in use before: 82.0 MB.
System memory in use after: 82.2 MB.

Unloading 17 unused Assets to reduce memory usage. Loaded Objects now: 2136.
Total: 2.144600 ms (FindLiveObjects: 0.131000 ms CreateObjectMapping: 0.043900 ms MarkObjects: 1.951300 ms  DeleteObjects: 0.017700 ms)

========================================================================
Received Prepare
Registering precompiled user dll's ...
Registered in 0.005070 seconds.
Begin MonoManager ReloadAssembly
Native extension for WindowsStandalone target not found
Refreshing native plugins compatible for Editor in 0.38 ms, found 1 plugins.
Preloading 0 native plugins for Editor in 0.00 ms.
Invoked RoslynAnalysisRunner static constructor.
RoslynAnalysisRunner will not be running.
RoslynAnalysisRunner has terminated.
Mono: successfully reloaded assembly
- Completed reload, in  0.972 seconds
Platform modules already initialized, skipping
Refreshing native plugins compatible for Editor in 0.36 ms, found 1 plugins.
Preloading 0 native plugins for Editor in 0.00 ms.
Unloading 1691 Unused Serialized files (Serialized files now loaded: 0)
System memory in use before: 82.1 MB.
System memory in use after: 82.2 MB.

Unloading 17 unused Assets to reduce memory usage. Loaded Objects now: 2140.
Total: 2.641500 ms (FindLiveObjects: 0.256600 ms CreateObjectMapping: 0.067100 ms MarkObjects: 2.289800 ms  DeleteObjects: 0.026300 ms)

========================================================================
Received Import Request.
  Time since last request: 344.504146 seconds.
  path: Assets/Scripts/RagdollAgent.cs
  artifactKey: Guid(bb12f26f83845da40854a1e26df332a6) Importer(815301076,1909f56bfc062723c751e8b465ee728b)
Start importing Assets/Scripts/RagdollAgent.cs using Guid(bb12f26f83845da40854a1e26df332a6) Importer(815301076,1909f56bfc062723c751e8b465ee728b)  -> (artifact id: '9fce1f6b5597ceb76ebcbe4e94e68ad1') in 0.005009 seconds
  Import took 0.007600 seconds .

========================================================================
Received Import Request.
  Time since last request: 0.001452 seconds.
  path: Assets/Scripts/RagdollAgent.cs
  artifactKey: Guid(bb12f26f83845da40854a1e26df332a6) Importer(815301076,1909f56bfc062723c751e8b465ee728b)
Start importing Assets/Scripts/RagdollAgent.cs using Guid(bb12f26f83845da40854a1e26df332a6) Importer(815301076,1909f56bfc062723c751e8b465ee728b)  -> (artifact id: '9fce1f6b5597ceb76ebcbe4e94e68ad1') in 0.001944 seconds
  Import took 0.004263 seconds .

========================================================================
Received Prepare
Registering precompiled user dll's ...
Registered in 0.005201 seconds.
Begin MonoManager ReloadAssembly
Native extension for WindowsStandalone target not found
Refreshing native plugins compatible for Editor in 0.31 ms, found 1 plugins.
Preloading 0 native plugins for Editor in 0.00 ms.
Invoked RoslynAnalysisRunner static constructor.
RoslynAnalysisRunner will not be running.
RoslynAnalysisRunner has terminated.
Mono: successfully reloaded assembly
- Completed reload, in  0.820 seconds
Platform modules already initialized, skipping
Refreshing native plugins compatible for Editor in 0.32 ms, found 1 plugins.
Preloading 0 native plugins for Editor in 0.00 ms.
Unloading 1691 Unused Serialized files (Serialized files now loaded: 0)
System memory in use before: 82.1 MB.
System memory in use after: 82.2 MB.

Unloading 17 unused Assets to reduce memory usage. Loaded Objects now: 2144.
Total: 1.794800 ms (FindLiveObjects: 0.141400 ms CreateObjectMapping: 0.050700 ms MarkObjects: 1.569300 ms  DeleteObjects: 0.032700 ms)

========================================================================
Received Import Request.
  Time since last request: 53.585011 seconds.
  path: Assets/Scripts/RagdollAgent.cs
  artifactKey: Guid(bb12f26f83845da40854a1e26df332a6) Importer(815301076,1909f56bfc062723c751e8b465ee728b)
Start importing Assets/Scripts/RagdollAgent.cs using Guid(bb12f26f83845da40854a1e26df332a6) Importer(815301076,1909f56bfc062723c751e8b465ee728b)  -> (artifact id: 'c5391cb811d8435ef3fc621351b7dab2') in 0.003854 seconds
  Import took 0.005904 seconds .

========================================================================
Received Prepare
Registering precompiled user dll's ...
Registered in 0.002971 seconds.
Begin MonoManager ReloadAssembly
Native extension for WindowsStandalone target not found
Refreshing native plugins compatible for Editor in 0.31 ms, found 1 plugins.
Preloading 0 native plugins for Editor in 0.00 ms.
Invoked RoslynAnalysisRunner static constructor.
RoslynAnalysisRunner will not be running.
RoslynAnalysisRunner has terminated.
Mono: successfully reloaded assembly
- Completed reload, in  0.784 seconds
Platform modules already initialized, skipping
Refreshing native plugins compatible for Editor in 0.34 ms, found 1 plugins.
Preloading 0 native plugins for Editor in 0.00 ms.
Unloading 1691 Unused Serialized files (Serialized files now loaded: 0)
System memory in use before: 82.1 MB.
System memory in use after: 82.2 MB.

Unloading 17 unused Assets to reduce memory usage. Loaded Objects now: 2148.
Total: 2.151500 ms (FindLiveObjects: 0.151300 ms CreateObjectMapping: 0.053600 ms MarkObjects: 1.931200 ms  DeleteObjects: 0.014600 ms)

========================================================================
Received Prepare
Registering precompiled user dll's ...
Registered in 0.002978 seconds.
Begin MonoManager ReloadAssembly
Native extension for WindowsStandalone target not found
Refreshing native plugins compatible for Editor in 0.31 ms, found 1 plugins.
Preloading 0 native plugins for Editor in 0.00 ms.
Invoked RoslynAnalysisRunner static constructor.
RoslynAnalysisRunner will not be running.
RoslynAnalysisRunner has terminated.
Mono: successfully reloaded assembly
- Completed reload, in  0.842 seconds
Platform modules already initialized, skipping
Refreshing native plugins compatible for Editor in 0.34 ms, found 1 plugins.
Preloading 0 native plugins for Editor in 0.00 ms.
Unloading 1691 Unused Serialized files (Serialized files now loaded: 0)
System memory in use before: 82.1 MB.
System memory in use after: 82.2 MB.

Unloading 17 unused Assets to reduce memory usage. Loaded Objects now: 2152.
Total: 2.758800 ms (FindLiveObjects: 0.261800 ms CreateObjectMapping: 0.085400 ms MarkObjects: 2.389900 ms  DeleteObjects: 0.020500 ms)

========================================================================
Received Prepare
Registering precompiled user dll's ...
Registered in 0.005024 seconds.
Begin MonoManager ReloadAssembly
Native extension for WindowsStandalone target not found
Refreshing native plugins compatible for Editor in 0.62 ms, found 1 plugins.
Preloading 0 native plugins for Editor in 0.00 ms.
Invoked RoslynAnalysisRunner static constructor.
RoslynAnalysisRunner will not be running.
RoslynAnalysisRunner has terminated.
Mono: successfully reloaded assembly
- Completed reload, in  1.018 seconds
Platform modules already initialized, skipping
Refreshing native plugins compatible for Editor in 0.32 ms, found 1 plugins.
Preloading 0 native plugins for Editor in 0.00 ms.
Unloading 1691 Unused Serialized files (Serialized files now loaded: 0)
System memory in use before: 82.1 MB.
System memory in use after: 82.2 MB.

Unloading 17 unused Assets to reduce memory usage. Loaded Objects now: 2156.
Total: 1.864800 ms (FindLiveObjects: 0.289200 ms CreateObjectMapping: 0.098900 ms MarkObjects: 1.460000 ms  DeleteObjects: 0.015800 ms)

AssetImportWorkerClient::OnTransportError - code=2 error=End of file
